<?xml version="1.0" encoding="UTF-8"?>
<testng-results ignored="0" total="1" passed="1" failed="0" skipped="0">
  <reporter-output>
  </reporter-output>
  <suite started-at="2019-02-24T14:36:48Z" name="Default suite" finished-at="2019-02-24T14:36:52Z" duration-ms="3686">
    <groups>
    </groups>
    <test started-at="2019-02-24T14:36:48Z" name="Default test" finished-at="2019-02-24T14:36:52Z" duration-ms="3686">
      <class name="MyTest">
        <test-method signature="FirstTest(java.lang.String)[pri:0, instance:MyTest@7ea9e1e2]" started-at="2019-02-24T14:36:48Z" name="FirstTest" finished-at="2019-02-24T14:36:52Z" duration-ms="3633" status="PASS">
          <params>
            <param index="0">
              <value>
                <![CDATA[TNT]]>
              </value>
            </param>
          </params>
          <reporter-output>
          </reporter-output>
        </test-method> <!-- FirstTest -->
      </class> <!-- MyTest -->
    </test> <!-- Default test -->
  </suite> <!-- Default suite -->
</testng-results>
